TN:
SF:/Users/fangcao/Documents/study/study_webpack/webpackDemo/builder-webpack/lib/webpack.base.js
FN:170,errorPlugin
FNF:1
FNH:0
FNDA:0,errorPlugin
DA:5,1
DA:7,1
DA:8,1
DA:9,1
DA:10,1
DA:12,1
DA:14,1
DA:16,1
DA:22,1
DA:23,1
DA:24,1
DA:27,1
DA:28,1
DA:29,2
DA:31,2
DA:33,2
DA:34,2
DA:36,2
DA:56,1
DA:61,1
DA:76,1
DA:101,0
DA:171,0
DA:172,0
DA:177,0
DA:178,0
LF:26
LH:21
BRDA:33,1,0,2
BRDA:33,1,1,2
BRDA:172,2,0,0
BRDA:172,2,1,0
BRDA:173,3,0,0
BRDA:173,3,1,0
BRDA:173,3,2,0
BRF:7
BRH:2
end_of_record
